<?xml version="1.0" encoding="UTF-8"?>
<testsuite xmlns:xsi="http://www.w3.org/2001/XMLSchema-instance" xsi:noNamespaceSchemaLocation="https://maven.apache.org/surefire/maven-surefire-plugin/xsd/surefire-test-report.xsd" version="3.0.2" name="ar.edu.utn.frc.backend.CollectionTest" time="0.082" tests="10" errors="0" skipped="0" failures="0">
  <properties>
[...]
</properties>
  <testcase name="filtraCorrectamente" classname="ar.edu.utn.frc.backend.CollectionTest" time="0.033"/>
  <testcase name="devuelveLaCantidadCorrectaDeAudi" classname="ar.edu.utn.frc.backend.CollectionTest" time="0.004"/>
  <testcase name="filtraPorTipoCorrectamente" classname="ar.edu.utn.frc.backend.CollectionTest" time="0.002"/>
  <testcase name="devuelveLaCantidadCorrecta" classname="ar.edu.utn.frc.backend.CollectionTest" time="0.002"/>
  <testcase name="devuelveLaCantidadMarcasQueVendanSedanes" classname="ar.edu.utn.frc.backend.CollectionTest" time="0.003"/>
  <testcase name="devuelveLaCantidadCorrectaDeAutosPorAnio" classname="ar.edu.utn.frc.backend.CollectionTest" time="0.002"/>
  <testcase name="devuelveLaCantidadCorrectaDeFerrari" classname="ar.edu.utn.frc.backend.CollectionTest" time="0.002"/>
  <testcase name="devuelveLaCantidadCorrecta2" classname="ar.edu.utn.frc.backend.CollectionTest" time="0.001"/>
  <testcase name="devuelveLaCantidadDeConvertibles" classname="ar.edu.utn.frc.backend.CollectionTest" time="0.002"/>
  <testcase name="obtieneMarcasConModelosConNumerosCorrectamente" classname="ar.edu.utn.frc.backend.CollectionTest" time="0.003"/>
</testsuite>